#
# A fatal error has been detected by the Java Runtime Environment:
#
#  SIGSEGV (0xb) at pc=0x000000010cc4c594, pid=3764, tid=0x0000000000004203
#
# JRE version: Java(TM) SE Runtime Environment (8.0_101-b13) (build 1.8.0_101-b13)
# Java VM: Java HotSpot(TM) 64-Bit Server VM (25.101-b13 mixed mode bsd-amd64 compressed oops)
# Problematic frame:
# V  [libjvm.dylib+0x44c594]  Method::checked_resolve_jmethod_id(_jmethodID*)+0xe
#
# Failed to write core dump. Core dumps have been disabled. To enable core dumping, try "ulimit -c unlimited" before starting Java again
#
# If you would like to submit a bug report, please visit:
#   http://bugreport.java.com/bugreport/crash.jsp
#

---------------  T H R E A D  ---------------

Current thread (0x00007fba8483b800):  JavaThread "JDWP Transport Listener: dt_socket" daemon [_thread_in_vm, id=16899, stack(0x000070000783c000,0x000070000793c000)]

siginfo: si_signo: 11 (SIGSEGV), si_code: 0 (unknown), si_addr: 0x0000000000000000

Registers:
RAX=0x0000000000000001, RBX=0x000070000793ba8b, RCX=0x000000010d01f360, RDX=0x000070000793ba8b
RSP=0x000070000793b9d0, RBP=0x000070000793b9e0, RSI=0x00007fba8483b800, RDI=0x00020000000b0003
R8 =0x0000000000000000, R9 =0x00007fba83d34a40, R10=0x0000000000000001, R11=0x0000000000000001
R12=0x00007fba8483b800, R13=0x00020000000b0003, R14=0x00020000000b0003, R15=0x00007fba83e02710
RIP=0x000000010cc4c594, EFLAGS=0x0000000000010206, ERR=0x0000000000000000
  TRAPNO=0x000000000000000d

Top of Stack: (sp=0x000070000793b9d0)
0x000070000793b9d0:   000070000793ba8b 000070000793ba8b
0x000070000793b9e0:   000070000793ba40 000000010cb580d2
0x000070000793b9f0:   00007fba8483b800 0000000000000000
0x000070000793ba00:   0000000000000000 0000000000000000
0x000070000793ba10:   00007fba8483b800 00007fba8483b800
0x000070000793ba20:   000070000793ba8b 000070000793ba90
0x000070000793ba30:   00020000000b0003 0000000000000002
0x000070000793ba40:   000070000793ba60 000000010d876780
0x000070000793ba50:   0000000000000001 000070000793bb08
0x000070000793ba60:   000070000793bad0 000000010d85b1f3
0x000070000793ba70:   000070000793baa0 00007fba83d34a20
0x000070000793ba80:   0000000300000032 000000090093bb08
0x000070000793ba90:   0000000000000000 0000000000000000
0x000070000793baa0:   0000000000000000 000070000793bc90
0x000070000793bab0:   000000010d87de7a 00007fba83d346e0
0x000070000793bac0:   000070000793bb08 000000010d889598
0x000070000793bad0:   000070000793bae0 000000010d85b2ec
0x000070000793bae0:   000070000793bd00 000000010d864898
0x000070000793baf0:   0000088700000013 00000000000f0200
0x000070000793bb00:   00007fba83d334f0 000070000793bbaf
0x000070000793bb10:   00007fba000000d5 000070000793bb20
0x000070000793bb20:   00007fba00000057 000070000793bb58
0x000070000793bb30:   0000000000000000 0000000000000000
0x000070000793bb40:   0000088700000030 00007fba00006b80
0x000070000793bb50:   000070000793bb58 ba7f000003000000
0x000070000793bb60:   060000004003d383 00003e74696e693c
0x000070000793bb70:   0000005629280300 7f00000100000000
0x000070000793bb80:   0000004803d383ba 0000006e69616d04
0x000070000793bb90:   6176616a4c5b2816 74532f676e616c2f
0x000070000793bba0:   0056293b676e6972 0009000000000000
0x000070000793bbb0:   6c43746567080000 2813000000737361
0x000070000793bbc0:   6c2f6176616a4c29 73616c432f676e61 

Instructions: (pc=0x000000010cc4c594)
0x000000010cc4c574:   40 48 48 85 c0 75 e0 30 c0 0f b6 c0 5d c3 31 c0
0x000000010cc4c584:   5d c3 55 48 89 e5 53 48 83 ec 08 48 85 ff 74 24
0x000000010cc4c594:   48 8b 1f 48 85 db 74 1c 48 83 fb 37 74 16 48 8b
0x000000010cc4c5a4:   03 48 89 df ff 50 10 84 c0 b8 00 00 00 00 48 0f 

Register to memory mapping:

RAX=0x0000000000000001 is an unknown value
RBX=0x000070000793ba8b is pointing into the stack for thread: 0x00007fba8483b800
RCX=0x000000010d01f360: UseMembar+0 in /Library/Java/JavaVirtualMachines/jdk1.8.0_101.jdk/Contents/Home/jre/lib/server/libjvm.dylib at 0x000000010c800000
RDX=0x000070000793ba8b is pointing into the stack for thread: 0x00007fba8483b800
RSP=0x000070000793b9d0 is pointing into the stack for thread: 0x00007fba8483b800
RBP=0x000070000793b9e0 is pointing into the stack for thread: 0x00007fba8483b800
RSI=0x00007fba8483b800 is a thread
RDI=0x00020000000b0003 is an unknown value
R8 =0x0000000000000000 is an unknown value
R9 =0x00007fba83d34a40 is an unknown value
R10=0x0000000000000001 is an unknown value
R11=0x0000000000000001 is an unknown value
R12=0x00007fba8483b800 is a thread
R13=0x00020000000b0003 is an unknown value
R14=0x00020000000b0003 is an unknown value
R15=0x00007fba83e02710 is an unknown value


Stack: [0x000070000783c000,0x000070000793c000],  sp=0x000070000793b9d0,  free space=1022k
Native frames: (J=compiled Java code, j=interpreted, Vv=VM code, C=native code)
V  [libjvm.dylib+0x44c594]  Method::checked_resolve_jmethod_id(_jmethodID*)+0xe
V  [libjvm.dylib+0x3580d2]  jvmti_IsMethodSynthetic+0xb2
C  [libjdwp.dylib+0x20780]  isMethodSynthetic+0x63
C  [libjdwp.dylib+0x51f3]  methods1+0x10b
C  [libjdwp.dylib+0x52ec]  methodsWithGeneric+0xe
C  [libjdwp.dylib+0xe898]  debugLoop_run+0x1ce
C  [libjdwp.dylib+0x1f6ba]  attachThread+0x4d
V  [libjvm.dylib+0x399438]  JvmtiAgentThread::call_start_function()+0x38
V  [libjvm.dylib+0x5695ab]  JavaThread::thread_main_inner()+0x9b
V  [libjvm.dylib+0x56ac98]  JavaThread::run()+0x1c2
V  [libjvm.dylib+0x48933a]  java_start(Thread*)+0xf6
C  [libsystem_pthread.dylib+0x3aab]  _pthread_body+0xb4
C  [libsystem_pthread.dylib+0x39f7]  _pthread_body+0x0
C  [libsystem_pthread.dylib+0x31fd]  thread_start+0xd
C  0x0000000000000000


---------------  P R O C E S S  ---------------

Java Threads: ( => current thread )
  0x00007fba8403b000 JavaThread "Service Thread" daemon [_thread_blocked, id=19971, stack(0x0000700007e4e000,0x0000700007f4e000)]
  0x00007fba8580a800 JavaThread "C1 CompilerThread2" daemon [_thread_blocked, id=19459, stack(0x0000700007d4b000,0x0000700007e4b000)]
  0x00007fba85024000 JavaThread "C2 CompilerThread1" daemon [_thread_blocked, id=18947, stack(0x0000700007c48000,0x0000700007d48000)]
  0x00007fba85809000 JavaThread "C2 CompilerThread0" daemon [_thread_blocked, id=18435, stack(0x0000700007b45000,0x0000700007c45000)]
  0x00007fba85022000 JavaThread "JDWP Command Reader" daemon [_thread_in_native, id=17923, stack(0x0000700007a42000,0x0000700007b42000)]
  0x00007fba85003800 JavaThread "JDWP Event Helper Thread" daemon [_thread_blocked, id=17411, stack(0x000070000793f000,0x0000700007a3f000)]
=>0x00007fba8483b800 JavaThread "JDWP Transport Listener: dt_socket" daemon [_thread_in_vm, id=16899, stack(0x000070000783c000,0x000070000793c000)]
  0x00007fba8484a000 JavaThread "Signal Dispatcher" daemon [_thread_blocked, id=16387, stack(0x0000700007739000,0x0000700007839000)]
  0x00007fba85802800 JavaThread "Finalizer" daemon [_thread_blocked, id=12291, stack(0x00007000075b3000,0x00007000076b3000)]
  0x00007fba8401e800 JavaThread "Reference Handler" daemon [_thread_blocked, id=11779, stack(0x00007000074b0000,0x00007000075b0000)]
  0x00007fba84008800 JavaThread "main" [_thread_blocked, id=6915, stack(0x0000700006e9e000,0x0000700006f9e000)]

Other Threads:
  0x00007fba8401a000 VMThread [stack: 0x00007000073ad000,0x00007000074ad000] [id=11267]
  0x00007fba8482c800 WatcherThread [stack: 0x0000700007f51000,0x0000700008051000] [id=20483]

VM state:not at safepoint (normal execution)

VM Mutex/Monitor currently owned by a thread: None

Heap:
 PSYoungGen      total 18944K, used 2623K [0x00000007aab00000, 0x00000007ac000000, 0x00000007c0000000)
  eden space 16384K, 16% used [0x00000007aab00000,0x00000007aad8fc70,0x00000007abb00000)
  from space 2560K, 0% used [0x00000007abd80000,0x00000007abd80000,0x00000007ac000000)
  to   space 2560K, 0% used [0x00000007abb00000,0x00000007abb00000,0x00000007abd80000)
 ParOldGen       total 44032K, used 0K [0x0000000780000000, 0x0000000782b00000, 0x00000007aab00000)
  object space 44032K, 0% used [0x0000000780000000,0x0000000780000000,0x0000000782b00000)
 Metaspace       used 3612K, capacity 4644K, committed 4864K, reserved 1056768K
  class space    used 414K, capacity 459K, committed 512K, reserved 1048576K

Card table byte_map: [0x000000010dc61000,0x000000010de62000] byte_map_base: 0x000000010a061000

Marking Bits: (ParMarkBitMap*) 0x000000010d0edd20
 Begin Bits: [0x000000010dfb8000, 0x000000010efb8000)
 End Bits:   [0x000000010efb8000, 0x000000010ffb8000)

Polling page: 0x000000010bfdd000

CodeCache: size=245760Kb used=1118Kb max_used=1118Kb free=244642Kb
 bounds [0x0000000118287000, 0x00000001184f7000, 0x0000000127287000]
 total_blobs=314 nmethods=69 adapters=168
 compilation: enabled

Compilation events (10 events):
Event: 0.256 Thread 0x00007fba8580a800   15       3       java.lang.System::getSecurityManager (4 bytes)
Event: 0.256 Thread 0x00007fba8580a800 nmethod 15 0x0000000118395190 code [0x00000001183952e0, 0x0000000118395430]
Event: 0.256 Thread 0x00007fba8580a800   16       3       java.lang.AbstractStringBuilder::ensureCapacityInternal (16 bytes)
Event: 0.257 Thread 0x00007fba8580a800 nmethod 16 0x0000000118395490 code [0x0000000118395600, 0x0000000118395868]
Event: 0.258 Thread 0x00007fba8580a800   17       3       java.lang.AbstractStringBuilder::append (50 bytes)
Event: 0.259 Thread 0x00007fba8580a800 nmethod 17 0x0000000118395950 code [0x0000000118395b00, 0x0000000118396028]
Event: 44.308 Thread 0x00007fba8580a800   68       3       java.util.concurrent.ConcurrentHashMap::tabAt (21 bytes)
Event: 44.309 Thread 0x00007fba8580a800 nmethod 68 0x000000011839e090 code [0x000000011839e200, 0x000000011839e430]
Event: 44.309 Thread 0x00007fba8580a800   66       3       java.util.concurrent.ConcurrentHashMap::setTabAt (19 bytes)
Event: 44.309 Thread 0x00007fba8580a800 nmethod 66 0x000000011839e4d0 code [0x000000011839e620, 0x000000011839e790]

GC Heap History (0 events):
No events

Deoptimization events (0 events):
No events

Internal exceptions (4 events):
Event: 0.046 Thread 0x00007fba84008800 Exception <a 'java/lang/NoSuchMethodError': Method sun.misc.Unsafe.defineClass(Ljava/lang/String;[BII)Ljava/lang/Class; name or signature does not match> (0x00000007aab07cc0) thrown at [/HUDSON3/workspace/8-2-build-macosx-x86_64/jdk8u101/7261/hotspot/src/
Event: 0.046 Thread 0x00007fba84008800 Exception <a 'java/lang/NoSuchMethodError': Method sun.misc.Unsafe.prefetchRead(Ljava/lang/Object;J)V name or signature does not match> (0x00000007aab07fa8) thrown at [/HUDSON3/workspace/8-2-build-macosx-x86_64/jdk8u101/7261/hotspot/src/share/vm/prims/jni
Event: 6.704 Thread 0x00007fba84008800 Exception <a 'java/lang/NoSuchFieldError': method resolution failed> (0x00000007aaceaca0) thrown at [/HUDSON3/workspace/8-2-build-macosx-x86_64/jdk8u101/7261/hotspot/src/share/vm/prims/methodHandles.cpp, line 1146]
Event: 6.752 Thread 0x00007fba84008800 Exception <a 'java/lang/NoSuchFieldError': method resolution failed> (0x00000007aacf80d8) thrown at [/HUDSON3/workspace/8-2-build-macosx-x86_64/jdk8u101/7261/hotspot/src/share/vm/prims/methodHandles.cpp, line 1146]

Events (10 events):
Event: 44.309 Executing VM operation: RevokeBias
Event: 44.309 Executing VM operation: RevokeBias done
Event: 44.309 Executing VM operation: RevokeBias
Event: 44.309 Executing VM operation: RevokeBias done
Event: 44.309 Executing VM operation: RevokeBias
Event: 44.309 Executing VM operation: RevokeBias done
Event: 44.309 Executing VM operation: RevokeBias
Event: 44.309 Executing VM operation: RevokeBias done
Event: 44.310 Executing VM operation: RedefineClasses
Event: 44.312 Executing VM operation: RedefineClasses done


Dynamic libraries:
0x00000000009b8000 	/System/Library/Frameworks/Cocoa.framework/Versions/A/Cocoa
0x00000000009b8000 	/System/Library/Frameworks/Security.framework/Versions/A/Security
0x00000000009b8000 	/System/Library/Frameworks/ApplicationServices.framework/Versions/A/ApplicationServices
0x00000000009b8000 	/usr/lib/libz.1.dylib
0x00000000009b8000 	/usr/lib/libSystem.B.dylib
0x00000000009b8000 	/usr/lib/libobjc.A.dylib
0x00000000009b8000 	/System/Library/Frameworks/CoreFoundation.framework/Versions/A/CoreFoundation
0x00000000009b8000 	/System/Library/Frameworks/Foundation.framework/Versions/C/Foundation
0x00000000009b8000 	/System/Library/Frameworks/AppKit.framework/Versions/C/AppKit
0x00000000009b8000 	/System/Library/Frameworks/CoreData.framework/Versions/A/CoreData
0x00000000009b8000 	/System/Library/PrivateFrameworks/RemoteViewServices.framework/Versions/A/RemoteViewServices
0x00000000009b8000 	/System/Library/PrivateFrameworks/UIFoundation.framework/Versions/A/UIFoundation
0x00000000009b8000 	/System/Library/PrivateFrameworks/DFRFoundation.framework/Versions/A/DFRFoundation
0x00000000009b8000 	/usr/lib/libenergytrace.dylib
0x00000000009b8000 	/System/Library/PrivateFrameworks/SkyLight.framework/Versions/A/SkyLight
0x00000000009b8000 	/System/Library/Frameworks/CoreGraphics.framework/Versions/A/CoreGraphics
0x00000000009b8000 	/usr/lib/libScreenReader.dylib
0x00000000009b8000 	/System/Library/Frameworks/Accelerate.framework/Versions/A/Accelerate
0x00000000009b8000 	/System/Library/Frameworks/IOSurface.framework/Versions/A/IOSurface
0x00000000009b8000 	/System/Library/Frameworks/AudioToolbox.framework/Versions/A/AudioToolbox
0x00000000009b8000 	/System/Library/Frameworks/AudioUnit.framework/Versions/A/AudioUnit
0x00000000009b8000 	/System/Library/PrivateFrameworks/DataDetectorsCore.framework/Versions/A/DataDetectorsCore
0x00000000009b8000 	/System/Library/PrivateFrameworks/DesktopServicesPriv.framework/Versions/A/DesktopServicesPriv
0x00000000009b8000 	/System/Library/Frameworks/Carbon.framework/Versions/A/Frameworks/HIToolbox.framework/Versions/A/HIToolbox
0x00000000009b8000 	/usr/lib/libicucore.A.dylib
0x00000000009b8000 	/System/Library/Frameworks/QuartzCore.framework/Versions/A/QuartzCore
0x00000000009b8000 	/System/Library/Frameworks/Carbon.framework/Versions/A/Frameworks/SpeechRecognition.framework/Versions/A/SpeechRecognition
0x00000000009b8000 	/usr/lib/libauto.dylib
0x00000000009b8000 	/usr/lib/libxml2.2.dylib
0x00000000009b8000 	/System/Library/PrivateFrameworks/CoreUI.framework/Versions/A/CoreUI
0x00000000009b8000 	/System/Library/Frameworks/CoreAudio.framework/Versions/A/CoreAudio
0x00000000009b8000 	/System/Library/Frameworks/DiskArbitration.framework/Versions/A/DiskArbitration
0x00000000009b8000 	/usr/lib/liblangid.dylib
0x00000000009b8000 	/System/Library/PrivateFrameworks/MultitouchSupport.framework/Versions/A/MultitouchSupport
0x00000000009b8000 	/System/Library/Frameworks/IOKit.framework/Versions/A/IOKit
0x00000000009b8000 	/usr/lib/libDiagnosticMessagesClient.dylib
0x00000000009b8000 	/System/Library/Frameworks/CoreServices.framework/Versions/A/CoreServices
0x00000000009b8000 	/System/Library/PrivateFrameworks/PerformanceAnalysis.framework/Versions/A/PerformanceAnalysis
0x00000000009b8000 	/System/Library/PrivateFrameworks/GenerationalStorage.framework/Versions/A/GenerationalStorage
0x00000000009b8000 	/System/Library/Frameworks/OpenGL.framework/Versions/A/OpenGL
0x00000000009b8000 	/System/Library/Frameworks/CoreImage.framework/Versions/A/CoreImage
0x00000000009b8000 	/System/Library/Frameworks/CoreText.framework/Versions/A/CoreText
0x00000000009b8000 	/System/Library/Frameworks/ImageIO.framework/Versions/A/ImageIO
0x00000000009b8000 	/System/Library/PrivateFrameworks/Backup.framework/Versions/A/Backup
0x00000000009b8000 	/usr/lib/libarchive.2.dylib
0x00000000009b8000 	/System/Library/Frameworks/CFNetwork.framework/Versions/A/CFNetwork
0x00000000009b8000 	/System/Library/Frameworks/SystemConfiguration.framework/Versions/A/SystemConfiguration
0x00000000009b8000 	/usr/lib/libCRFSuite.dylib
0x00000000009b8000 	/usr/lib/libc++.1.dylib
0x00000000009b8000 	/usr/lib/libc++abi.dylib
0x00000000009b8000 	/usr/lib/system/libcache.dylib
0x00000000009b8000 	/usr/lib/system/libcommonCrypto.dylib
0x00000000009b8000 	/usr/lib/system/libcompiler_rt.dylib
0x00000000009b8000 	/usr/lib/system/libcopyfile.dylib
0x00000000009b8000 	/usr/lib/system/libcorecrypto.dylib
0x00000000009b8000 	/usr/lib/system/libdispatch.dylib
0x00000000009b8000 	/usr/lib/system/libdyld.dylib
0x00000000009b8000 	/usr/lib/system/libkeymgr.dylib
0x00000000009b8000 	/usr/lib/system/liblaunch.dylib
0x00000000009b8000 	/usr/lib/system/libmacho.dylib
0x00000000009b8000 	/usr/lib/system/libquarantine.dylib
0x00000000009b8000 	/usr/lib/system/libremovefile.dylib
0x00000000009b8000 	/usr/lib/system/libsystem_asl.dylib
0x00000000009b8000 	/usr/lib/system/libsystem_blocks.dylib
0x00000000009b8000 	/usr/lib/system/libsystem_c.dylib
0x00000000009b8000 	/usr/lib/system/libsystem_configuration.dylib
0x00000000009b8000 	/usr/lib/system/libsystem_coreservices.dylib
0x00000000009b8000 	/usr/lib/system/libsystem_coretls.dylib
0x00000000009b8000 	/usr/lib/system/libsystem_dnssd.dylib
0x00000000009b8000 	/usr/lib/system/libsystem_info.dylib
0x00000000009b8000 	/usr/lib/system/libsystem_kernel.dylib
0x00000000009b8000 	/usr/lib/system/libsystem_m.dylib
0x00000000009b8000 	/usr/lib/system/libsystem_malloc.dylib
0x00000000009b8000 	/usr/lib/system/libsystem_network.dylib
0x00000000009b8000 	/usr/lib/system/libsystem_networkextension.dylib
0x00000000009b8000 	/usr/lib/system/libsystem_notify.dylib
0x00000000009b8000 	/usr/lib/system/libsystem_platform.dylib
0x00000000009b8000 	/usr/lib/system/libsystem_pthread.dylib
0x00000000009b8000 	/usr/lib/system/libsystem_sandbox.dylib
0x00000000009b8000 	/usr/lib/system/libsystem_secinit.dylib
0x00000000009b8000 	/usr/lib/system/libsystem_symptoms.dylib
0x00000000009b8000 	/usr/lib/system/libsystem_trace.dylib
0x00000000009b8000 	/usr/lib/system/libunwind.dylib
0x00000000009b8000 	/usr/lib/system/libxpc.dylib
0x00000000009b8000 	/usr/lib/libbsm.0.dylib
0x00000000009b8000 	/usr/lib/system/libkxld.dylib
0x00000000009b8000 	/usr/lib/libcoretls.dylib
0x00000000009b8000 	/usr/lib/libcoretls_cfhelpers.dylib
0x00000000009b8000 	/usr/lib/libxar.1.dylib
0x00000000009b8000 	/usr/lib/libsqlite3.dylib
0x00000000009b8000 	/usr/lib/libpam.2.dylib
0x00000000009b8000 	/usr/lib/libOpenScriptingUtil.dylib
0x00000000009b8000 	/usr/lib/libbz2.1.0.dylib
0x00000000009b8000 	/usr/lib/liblzma.5.dylib
0x00000000009b8000 	/usr/lib/libnetwork.dylib
0x00000000009b8000 	/usr/lib/libpcap.A.dylib
0x00000000009b8000 	/System/Library/Frameworks/CoreServices.framework/Versions/A/Frameworks/FSEvents.framework/Versions/A/FSEvents
0x00000000009b8000 	/System/Library/Frameworks/CoreServices.framework/Versions/A/Frameworks/CarbonCore.framework/Versions/A/CarbonCore
0x00000000009b8000 	/System/Library/Frameworks/CoreServices.framework/Versions/A/Frameworks/Metadata.framework/Versions/A/Metadata
0x00000000009b8000 	/System/Library/Frameworks/CoreServices.framework/Versions/A/Frameworks/OSServices.framework/Versions/A/OSServices
0x00000000009b8000 	/System/Library/Frameworks/CoreServices.framework/Versions/A/Frameworks/SearchKit.framework/Versions/A/SearchKit
0x00000000009b8000 	/System/Library/Frameworks/CoreServices.framework/Versions/A/Frameworks/AE.framework/Versions/A/AE
0x00000000009b8000 	/System/Library/Frameworks/CoreServices.framework/Versions/A/Frameworks/LaunchServices.framework/Versions/A/LaunchServices
0x00000000009b8000 	/System/Library/Frameworks/CoreServices.framework/Versions/A/Frameworks/DictionaryServices.framework/Versions/A/DictionaryServices
0x00000000009b8000 	/System/Library/Frameworks/CoreServices.framework/Versions/A/Frameworks/SharedFileList.framework/Versions/A/SharedFileList
0x00000000009b8000 	/System/Library/Frameworks/NetFS.framework/Versions/A/NetFS
0x00000000009b8000 	/System/Library/PrivateFrameworks/NetAuth.framework/Versions/A/NetAuth
0x00000000009b8000 	/System/Library/PrivateFrameworks/login.framework/Versions/A/Frameworks/loginsupport.framework/Versions/A/loginsupport
0x00000000009b8000 	/System/Library/PrivateFrameworks/TCC.framework/Versions/A/TCC
0x00000000009b8000 	/usr/lib/libmecabra.dylib
0x00000000009b8000 	/System/Library/Frameworks/ApplicationServices.framework/Versions/A/Frameworks/ATS.framework/Versions/A/ATS
0x00000000009b8000 	/System/Library/Frameworks/ApplicationServices.framework/Versions/A/Frameworks/ColorSync.framework/Versions/A/ColorSync
0x00000000009b8000 	/System/Library/Frameworks/ApplicationServices.framework/Versions/A/Frameworks/HIServices.framework/Versions/A/HIServices
0x00000000009b8000 	/System/Library/Frameworks/ApplicationServices.framework/Versions/A/Frameworks/LangAnalysis.framework/Versions/A/LangAnalysis
0x00000000009b8000 	/System/Library/Frameworks/ApplicationServices.framework/Versions/A/Frameworks/PrintCore.framework/Versions/A/PrintCore
0x00000000009b8000 	/System/Library/Frameworks/ApplicationServices.framework/Versions/A/Frameworks/QD.framework/Versions/A/QD
0x00000000009b8000 	/System/Library/Frameworks/ApplicationServices.framework/Versions/A/Frameworks/SpeechSynthesis.framework/Versions/A/SpeechSynthesis
0x00000000009b8000 	/System/Library/Frameworks/Accelerate.framework/Versions/A/Frameworks/vImage.framework/Versions/A/vImage
0x00000000009b8000 	/System/Library/Frameworks/Accelerate.framework/Versions/A/Frameworks/vecLib.framework/Versions/A/vecLib
0x00000000009b8000 	/System/Library/Frameworks/Accelerate.framework/Versions/A/Frameworks/vecLib.framework/Versions/A/libvDSP.dylib
0x00000000009b8000 	/System/Library/Frameworks/Accelerate.framework/Versions/A/Frameworks/vecLib.framework/Versions/A/libBNNS.dylib
0x00000000009b8000 	/System/Library/Frameworks/Accelerate.framework/Versions/A/Frameworks/vecLib.framework/Versions/A/libQuadrature.dylib
0x00000000009b8000 	/System/Library/Frameworks/Accelerate.framework/Versions/A/Frameworks/vecLib.framework/Versions/A/libvMisc.dylib
0x00000000009b8000 	/System/Library/Frameworks/Accelerate.framework/Versions/A/Frameworks/vecLib.framework/Versions/A/libLAPACK.dylib
0x00000000009b8000 	/System/Library/Frameworks/Accelerate.framework/Versions/A/Frameworks/vecLib.framework/Versions/A/libBLAS.dylib
0x00000000009b8000 	/System/Library/Frameworks/Accelerate.framework/Versions/A/Frameworks/vecLib.framework/Versions/A/libLinearAlgebra.dylib
0x00000000009b8000 	/System/Library/Frameworks/Accelerate.framework/Versions/A/Frameworks/vecLib.framework/Versions/A/libSparseBLAS.dylib
0x00000000009b8000 	/System/Library/Frameworks/ApplicationServices.framework/Versions/A/Frameworks/ATS.framework/Versions/A/Resources/libFontParser.dylib
0x00000000009b8000 	/System/Library/Frameworks/ApplicationServices.framework/Versions/A/Frameworks/ATS.framework/Versions/A/Resources/libFontRegistry.dylib
0x00000000009b8000 	/System/Library/Frameworks/ImageIO.framework/Versions/A/Resources/libJPEG.dylib
0x00000000009b8000 	/System/Library/Frameworks/ImageIO.framework/Versions/A/Resources/libTIFF.dylib
0x00000000009b8000 	/System/Library/Frameworks/ImageIO.framework/Versions/A/Resources/libPng.dylib
0x00000000009b8000 	/System/Library/Frameworks/ImageIO.framework/Versions/A/Resources/libGIF.dylib
0x00000000009b8000 	/System/Library/Frameworks/ImageIO.framework/Versions/A/Resources/libJP2.dylib
0x00000000009b8000 	/System/Library/Frameworks/ImageIO.framework/Versions/A/Resources/libRadiance.dylib
0x00000000009b8000 	/usr/lib/libcompression.dylib
0x00000000009b8000 	/System/Library/PrivateFrameworks/AppleJPEG.framework/Versions/A/AppleJPEG
0x00000000009b8000 	/usr/lib/libcups.2.dylib
0x00000000009b8000 	/System/Library/Frameworks/Kerberos.framework/Versions/A/Kerberos
0x00000000009b8000 	/System/Library/Frameworks/GSS.framework/Versions/A/GSS
0x00000000009b8000 	/usr/lib/libresolv.9.dylib
0x00000000009b8000 	/usr/lib/libiconv.2.dylib
0x00000000009b8000 	/System/Library/PrivateFrameworks/Heimdal.framework/Versions/A/Heimdal
0x00000000009b8000 	/usr/lib/libheimdal-asn1.dylib
0x00000000009b8000 	/System/Library/Frameworks/OpenDirectory.framework/Versions/A/OpenDirectory
0x00000000009b8000 	/System/Library/PrivateFrameworks/CommonAuth.framework/Versions/A/CommonAuth
0x00000000009b8000 	/System/Library/Frameworks/OpenDirectory.framework/Versions/A/Frameworks/CFOpenDirectory.framework/Versions/A/CFOpenDirectory
0x00000000009b8000 	/System/Library/Frameworks/SecurityFoundation.framework/Versions/A/SecurityFoundation
0x00000000009b8000 	/System/Library/PrivateFrameworks/LanguageModeling.framework/Versions/A/LanguageModeling
0x00000000009b8000 	/usr/lib/libmarisa.dylib
0x00000000009b8000 	/usr/lib/libChineseTokenizer.dylib
0x00000000009b8000 	/usr/lib/libcmph.dylib
0x00000000009b8000 	/System/Library/PrivateFrameworks/CoreEmoji.framework/Versions/A/CoreEmoji
0x00000000009b8000 	/System/Library/Frameworks/ServiceManagement.framework/Versions/A/ServiceManagement
0x00000000009b8000 	/usr/lib/libxslt.1.dylib
0x00000000009b8000 	/System/Library/Frameworks/Carbon.framework/Versions/A/Frameworks/Ink.framework/Versions/A/Ink
0x00000000009b8000 	/System/Library/PrivateFrameworks/TextureIO.framework/Versions/A/TextureIO
0x00000000009b8000 	/System/Library/Frameworks/Metal.framework/Versions/A/Metal
0x00000000009b8000 	/usr/lib/libate.dylib
0x00000000009b8000 	/System/Library/PrivateFrameworks/GPUCompiler.framework/libmetal_timestamp.dylib
0x00000000009b8000 	/System/Library/Frameworks/OpenGL.framework/Versions/A/Libraries/libCoreFSCache.dylib
0x00000000009b8000 	/System/Library/PrivateFrameworks/IOAccelerator.framework/Versions/A/IOAccelerator
0x00000000009b8000 	/System/Library/Frameworks/CoreVideo.framework/Versions/A/CoreVideo
0x00000000009b8000 	/usr/lib/libFosl_dynamic.dylib
0x00000000009b8000 	/System/Library/PrivateFrameworks/MetalPerformanceShaders.framework/Versions/A/MetalPerformanceShaders
0x00000000009b8000 	/System/Library/PrivateFrameworks/FaceCore.framework/Versions/A/FaceCore
0x00000000009b8000 	/System/Library/Frameworks/OpenCL.framework/Versions/A/OpenCL
0x00000000009b8000 	/System/Library/Frameworks/OpenGL.framework/Versions/A/Libraries/libGLU.dylib
0x00000000009b8000 	/System/Library/Frameworks/OpenGL.framework/Versions/A/Libraries/libGFXShared.dylib
0x00000000009b8000 	/System/Library/Frameworks/OpenGL.framework/Versions/A/Libraries/libGL.dylib
0x00000000009b8000 	/System/Library/Frameworks/OpenGL.framework/Versions/A/Libraries/libGLImage.dylib
0x00000000009b8000 	/System/Library/Frameworks/OpenGL.framework/Versions/A/Libraries/libCVMSPluginSupport.dylib
0x00000000009b8000 	/System/Library/Frameworks/OpenGL.framework/Versions/A/Libraries/libCoreVMClient.dylib
0x00000000009b8000 	/System/Library/PrivateFrameworks/CrashReporterSupport.framework/Versions/A/CrashReporterSupport
0x00000000009b8000 	/System/Library/PrivateFrameworks/Sharing.framework/Versions/A/Sharing
0x00000000009b8000 	/System/Library/PrivateFrameworks/IconServices.framework/Versions/A/IconServices
0x00000000009b8000 	/System/Library/PrivateFrameworks/ProtocolBuffer.framework/Versions/A/ProtocolBuffer
0x00000000009b8000 	/System/Library/PrivateFrameworks/Apple80211.framework/Versions/A/Apple80211
0x00000000009b8000 	/System/Library/Frameworks/CoreWLAN.framework/Versions/A/CoreWLAN
0x00000000009b8000 	/System/Library/PrivateFrameworks/CoreUtils.framework/Versions/A/CoreUtils
0x00000000009b8000 	/System/Library/Frameworks/IOBluetooth.framework/Versions/A/IOBluetooth
0x00000000009b8000 	/System/Library/PrivateFrameworks/CoreWiFi.framework/Versions/A/CoreWiFi
0x00000000009b8000 	/System/Library/Frameworks/CoreBluetooth.framework/Versions/A/CoreBluetooth
0x00000000009b8000 	/System/Library/Frameworks/CoreDisplay.framework/Versions/A/CoreDisplay
0x00000000009b8000 	/System/Library/PrivateFrameworks/IOPresentment.framework/Versions/A/IOPresentment
0x00000000009b8000 	/System/Library/PrivateFrameworks/DebugSymbols.framework/Versions/A/DebugSymbols
0x00000000009b8000 	/System/Library/PrivateFrameworks/CoreSymbolication.framework/Versions/A/CoreSymbolication
0x00000000009b8000 	/System/Library/PrivateFrameworks/Symbolication.framework/Versions/A/Symbolication
0x00000000009b8000 	/System/Library/PrivateFrameworks/AppleFSCompression.framework/Versions/A/AppleFSCompression
0x00000000009b8000 	/System/Library/PrivateFrameworks/SpeechRecognitionCore.framework/Versions/A/SpeechRecognitionCore
0x00000000009b8000 	/System/Library/PrivateFrameworks/ChunkingLibrary.framework/Versions/A/ChunkingLibrary
0x000000010c800000 	/Library/Java/JavaVirtualMachines/jdk1.8.0_101.jdk/Contents/Home/jre/lib/server/libjvm.dylib
0x000000010d79d000 	/usr/lib/libstdc++.6.dylib
0x000000010bf9a000 	/Library/Java/JavaVirtualMachines/jdk1.8.0_101.jdk/Contents/Home/jre/lib/libverify.dylib
0x000000010bfa8000 	/Library/Java/JavaVirtualMachines/jdk1.8.0_101.jdk/Contents/Home/jre/lib/libjava.dylib
0x000000010d856000 	/Library/Java/JavaVirtualMachines/jdk1.8.0_101.jdk/Contents/Home/jre/lib/libjdwp.dylib
0x000000010bfde000 	/Library/Java/JavaVirtualMachines/jdk1.8.0_101.jdk/Contents/Home/jre/lib/libnpt.dylib
0x000000010bfeb000 	/Library/Java/JavaVirtualMachines/jdk1.8.0_101.jdk/Contents/Home/jre/lib/libzip.dylib
0x0000000111c9b000 	/System/Library/Frameworks/JavaVM.framework/Frameworks/JavaRuntimeSupport.framework/JavaRuntimeSupport
0x0000000111cb5000 	/System/Library/Frameworks/JavaVM.framework/Versions/A/Frameworks/JavaNativeFoundation.framework/Versions/A/JavaNativeFoundation
0x0000000111cca000 	/System/Library/Frameworks/JavaVM.framework/Versions/A/JavaVM
0x00000000009b8000 	/System/Library/Frameworks/Carbon.framework/Versions/A/Carbon
0x0000000111cd7000 	/System/Library/PrivateFrameworks/JavaLaunching.framework/Versions/A/JavaLaunching
0x00000000009b8000 	/System/Library/Frameworks/Carbon.framework/Versions/A/Frameworks/CommonPanels.framework/Versions/A/CommonPanels
0x00000000009b8000 	/System/Library/Frameworks/Carbon.framework/Versions/A/Frameworks/Help.framework/Versions/A/Help
0x00000000009b8000 	/System/Library/Frameworks/Carbon.framework/Versions/A/Frameworks/ImageCapture.framework/Versions/A/ImageCapture
0x00000000009b8000 	/System/Library/Frameworks/Carbon.framework/Versions/A/Frameworks/OpenScripting.framework/Versions/A/OpenScripting
0x00000000009b8000 	/System/Library/Frameworks/Carbon.framework/Versions/A/Frameworks/Print.framework/Versions/A/Print
0x00000000009b8000 	/System/Library/Frameworks/Carbon.framework/Versions/A/Frameworks/SecurityHI.framework/Versions/A/SecurityHI
0x00000001135db000 	/Library/Java/JavaVirtualMachines/jdk1.8.0_101.jdk/Contents/Home/jre/lib/libdt_socket.dylib

VM Arguments:
jvm_args: -agentlib:jdwp=transport=dt_socket,suspend=y,address=localhost:51511 -Dfile.encoding=UTF-8 
java_command: code.KComplimentaryPairs
java_class_path (initial): /Users/ramasamykasiviswanathan/MyDrive/Workspace/neonworkspace/bankBazaar-and-HackerEarth/target/classes:/Users/ramasamykasiviswanathan/.m2/repository/org/apache/commons/commons-lang3/3.4/commons-lang3-3.4.jar:/Users/ramasamykasiviswanathan/.m2/repository/com/mpatric/mp3agic/0.8.3/mp3agic-0.8.3.jar
Launcher Type: SUN_STANDARD

Environment Variables:
PATH=/usr/bin:/bin:/usr/sbin:/sbin
SHELL=/bin/bash

Signal Handlers:
SIGSEGV: [libjvm.dylib+0x5af145], sa_mask[0]=11111111011111110111111111111111, sa_flags=SA_ONSTACK|SA_RESTART|SA_SIGINFO
SIGBUS: [libjvm.dylib+0x5af145], sa_mask[0]=11111111011111110111111111111111, sa_flags=SA_RESTART|SA_SIGINFO
SIGFPE: [libjvm.dylib+0x48694c], sa_mask[0]=11111111011111110111111111111111, sa_flags=SA_RESTART|SA_SIGINFO
SIGPIPE: [libjvm.dylib+0x48694c], sa_mask[0]=11111111011111110111111111111111, sa_flags=SA_RESTART|SA_SIGINFO
SIGXFSZ: [libjvm.dylib+0x48694c], sa_mask[0]=11111111011111110111111111111111, sa_flags=SA_RESTART|SA_SIGINFO
SIGILL: [libjvm.dylib+0x48694c], sa_mask[0]=11111111011111110111111111111111, sa_flags=SA_RESTART|SA_SIGINFO
SIGUSR1: SIG_DFL, sa_mask[0]=00000000000000000000000000000000, sa_flags=none
SIGUSR2: [libjvm.dylib+0x48646a], sa_mask[0]=00100000000000000000000000000000, sa_flags=SA_RESTART|SA_SIGINFO
SIGHUP: [libjvm.dylib+0x484a41], sa_mask[0]=11111111011111110111111111111111, sa_flags=SA_RESTART|SA_SIGINFO
SIGINT: [libjvm.dylib+0x484a41], sa_mask[0]=11111111011111110111111111111111, sa_flags=SA_RESTART|SA_SIGINFO
SIGTERM: [libjvm.dylib+0x484a41], sa_mask[0]=11111111011111110111111111111111, sa_flags=SA_RESTART|SA_SIGINFO
SIGQUIT: [libjvm.dylib+0x484a41], sa_mask[0]=11111111011111110111111111111111, sa_flags=SA_RESTART|SA_SIGINFO


---------------  S Y S T E M  ---------------

OS:Bsduname:Darwin 16.3.0 Darwin Kernel Version 16.3.0: Thu Nov 17 20:23:58 PST 2016; root:xnu-3789.31.2~1/RELEASE_X86_64 x86_64
rlimit: STACK 8192k, CORE 0k, NPROC 709, NOFILE 10240, AS infinity
load average:1.41 1.42 1.42

CPU:total 4 (2 cores per cpu, 2 threads per core) family 6 model 69 stepping 1, cmov, cx8, fxsr, mmx, sse, sse2, sse3, ssse3, sse4.1, sse4.2, popcnt, avx, avx2, aes, clmul, erms, lzcnt, ht, tsc, tscinvbit, bmi1, bmi2

Memory: 4k page, physical 4194304k(17212k free)

/proc/meminfo:


vm_info: Java HotSpot(TM) 64-Bit Server VM (25.101-b13) for bsd-amd64 JRE (1.8.0_101-b13), built on Jun 22 2016 02:42:15 by "java_re" with gcc 4.2.1 (Based on Apple Inc. build 5658) (LLVM build 2336.11.00)

time: Thu Jan 12 22:29:39 2017
elapsed time: 44 seconds (0d 0h 0m 44s)

